<?xml version="1.0" encoding="UTF-8"?>
<coverage generated="1707414005436" clover="3.2.0">
  <project timestamp="1707414005436" name="All files">
    <metrics statements="31" coveredstatements="27" conditionals="10" coveredconditionals="8" methods="12" coveredmethods="10" elements="53" coveredelements="45" complexity="0" loc="31" ncloc="31" packages="1" files="1" classes="1"/>
    <file name="Body.jsx" path="D:\Code\namaste-react\13. Time for Test\src\components\Body.jsx">
      <metrics statements="31" coveredstatements="27" conditionals="10" coveredconditionals="8" methods="12" coveredmethods="10"/>
      <line num="14" count="1" type="stmt"/>
      <line num="15" count="7" type="stmt"/>
      <line num="16" count="7" type="stmt"/>
      <line num="17" count="7" type="stmt"/>
      <line num="19" count="7" type="stmt"/>
      <line num="21" count="7" type="stmt"/>
      <line num="22" count="2" type="stmt"/>
      <line num="25" count="7" type="stmt"/>
      <line num="26" count="2" type="stmt"/>
      <line num="27" count="2" type="stmt"/>
      <line num="28" count="2" type="stmt"/>
      <line num="34" count="2" type="stmt"/>
      <line num="48" count="7" type="stmt"/>
      <line num="49" count="1" type="stmt"/>
      <line num="50" count="9" type="stmt"/>
      <line num="52" count="1" type="stmt"/>
      <line num="55" count="7" type="stmt"/>
      <line num="56" count="1" type="stmt"/>
      <line num="57" count="9" type="stmt"/>
      <line num="59" count="1" type="stmt"/>
      <line num="62" count="7" type="stmt"/>
      <line num="64" count="7" type="cond" truecount="1" falsecount="1"/>
      <line num="65" count="0" type="stmt"/>
      <line num="69" count="7" type="stmt"/>
      <line num="71" count="7" type="cond" truecount="2" falsecount="0"/>
      <line num="82" count="1" type="stmt"/>
      <line num="86" count="1" type="stmt"/>
      <line num="93" count="0" type="stmt"/>
      <line num="94" count="0" type="stmt"/>
      <line num="105" count="0" type="stmt"/>
      <line num="117" count="35" type="stmt"/>
    </file>
  </project>
</coverage>
