{"D:\\Code\\namaste-react\\13. Time for Test\\src\\components\\Body.jsx": {"path":"D:\\Code\\namaste-react\\13. Time for Test\\src\\components\\Body.jsx","statementMap":{"0":{"start":{"line":14,"column":13},"end":{"line":132,"column":1}},"1":{"start":{"line":15,"column":46},"end":{"line":15,"column":58}},"2":{"start":{"line":16,"column":64},"end":{"line":16,"column":76}},"3":{"start":{"line":17,"column":38},"end":{"line":17,"column":50}},"4":{"start":{"line":19,"column":40},"end":{"line":19,"column":63}},"5":{"start":{"line":21,"column":2},"end":{"line":23,"column":9}},"6":{"start":{"line":22,"column":4},"end":{"line":22,"column":19}},"7":{"start":{"line":25,"column":23},"end":{"line":46,"column":3}},"8":{"start":{"line":26,"column":16},"end":{"line":26,"column":39}},"9":{"start":{"line":27,"column":17},"end":{"line":27,"column":33}},"10":{"start":{"line":28,"column":4},"end":{"line":33,"column":6}},"11":{"start":{"line":34,"column":4},"end":{"line":39,"column":6}},"12":{"start":{"line":48,"column":33},"end":{"line":53,"column":3}},"13":{"start":{"line":49,"column":32},"end":{"line":51,"column":5}},"14":{"start":{"line":50,"column":15},"end":{"line":50,"column":45}},"15":{"start":{"line":52,"column":4},"end":{"line":52,"column":52}},"16":{"start":{"line":55,"column":20},"end":{"line":60,"column":3}},"17":{"start":{"line":56,"column":32},"end":{"line":58,"column":5}},"18":{"start":{"line":57,"column":6},"end":{"line":57,"column":73}},"19":{"start":{"line":59,"column":4},"end":{"line":59,"column":52}},"20":{"start":{"line":62,"column":23},"end":{"line":62,"column":40}},"21":{"start":{"line":64,"column":2},"end":{"line":66,"column":3}},"22":{"start":{"line":65,"column":4},"end":{"line":65,"column":46}},"23":{"start":{"line":69,"column":31},"end":{"line":69,"column":62}},"24":{"start":{"line":71,"column":2},"end":{"line":131,"column":4}},"25":{"start":{"line":82,"column":29},"end":{"line":82,"column":58}},"26":{"start":{"line":86,"column":27},"end":{"line":86,"column":38}},"27":{"start":{"line":93,"column":14},"end":{"line":93,"column":32}},"28":{"start":{"line":94,"column":14},"end":{"line":94,"column":57}},"29":{"start":{"line":105,"column":29},"end":{"line":105,"column":56}},"30":{"start":{"line":117,"column":10},"end":{"line":127,"column":17}}},"fnMap":{"0":{"name":"(anonymous_0)","decl":{"start":{"line":14,"column":13},"end":{"line":14,"column":14}},"loc":{"start":{"line":14,"column":19},"end":{"line":132,"column":1}},"line":14},"1":{"name":"(anonymous_1)","decl":{"start":{"line":21,"column":12},"end":{"line":21,"column":13}},"loc":{"start":{"line":21,"column":18},"end":{"line":23,"column":3}},"line":21},"2":{"name":"(anonymous_2)","decl":{"start":{"line":25,"column":23},"end":{"line":25,"column":24}},"loc":{"start":{"line":25,"column":35},"end":{"line":46,"column":3}},"line":25},"3":{"name":"(anonymous_3)","decl":{"start":{"line":48,"column":33},"end":{"line":48,"column":34}},"loc":{"start":{"line":48,"column":39},"end":{"line":53,"column":3}},"line":48},"4":{"name":"(anonymous_4)","decl":{"start":{"line":50,"column":6},"end":{"line":50,"column":7}},"loc":{"start":{"line":50,"column":15},"end":{"line":50,"column":45}},"line":50},"5":{"name":"(anonymous_5)","decl":{"start":{"line":55,"column":20},"end":{"line":55,"column":21}},"loc":{"start":{"line":55,"column":26},"end":{"line":60,"column":3}},"line":55},"6":{"name":"(anonymous_6)","decl":{"start":{"line":56,"column":55},"end":{"line":56,"column":56}},"loc":{"start":{"line":57,"column":6},"end":{"line":57,"column":73}},"line":57},"7":{"name":"(anonymous_7)","decl":{"start":{"line":82,"column":22},"end":{"line":82,"column":23}},"loc":{"start":{"line":82,"column":29},"end":{"line":82,"column":58}},"line":82},"8":{"name":"(anonymous_8)","decl":{"start":{"line":86,"column":21},"end":{"line":86,"column":22}},"loc":{"start":{"line":86,"column":27},"end":{"line":86,"column":38}},"line":86},"9":{"name":"(anonymous_9)","decl":{"start":{"line":92,"column":21},"end":{"line":92,"column":22}},"loc":{"start":{"line":92,"column":27},"end":{"line":95,"column":13}},"line":92},"10":{"name":"(anonymous_10)","decl":{"start":{"line":105,"column":22},"end":{"line":105,"column":23}},"loc":{"start":{"line":105,"column":29},"end":{"line":105,"column":56}},"line":105},"11":{"name":"(anonymous_11)","decl":{"start":{"line":116,"column":38},"end":{"line":116,"column":39}},"loc":{"start":{"line":117,"column":10},"end":{"line":127,"column":17}},"line":117}},"branchMap":{"0":{"loc":{"start":{"line":29,"column":6},"end":{"line":32,"column":23}},"type":"binary-expr","locations":[{"start":{"line":29,"column":6},"end":{"line":30,"column":21}},{"start":{"line":31,"column":8},"end":{"line":32,"column":23}}],"line":29},"1":{"loc":{"start":{"line":35,"column":6},"end":{"line":38,"column":23}},"type":"binary-expr","locations":[{"start":{"line":35,"column":6},"end":{"line":36,"column":21}},{"start":{"line":37,"column":8},"end":{"line":38,"column":23}}],"line":35},"2":{"loc":{"start":{"line":64,"column":2},"end":{"line":66,"column":3}},"type":"if","locations":[{"start":{"line":64,"column":2},"end":{"line":66,"column":3}},{"start":{},"end":{}}],"line":64},"3":{"loc":{"start":{"line":71,"column":9},"end":{"line":131,"column":3}},"type":"cond-expr","locations":[{"start":{"line":72,"column":4},"end":{"line":72,"column":15}},{"start":{"line":74,"column":4},"end":{"line":130,"column":10}}],"line":71},"4":{"loc":{"start":{"line":122,"column":13},"end":{"line":126,"column":13}},"type":"cond-expr","locations":[{"start":{"line":123,"column":14},"end":{"line":123,"column":59}},{"start":{"line":125,"column":14},"end":{"line":125,"column":53}}],"line":122}},"s":{"0":1,"1":7,"2":7,"3":7,"4":7,"5":7,"6":2,"7":7,"8":2,"9":2,"10":2,"11":2,"12":7,"13":1,"14":9,"15":1,"16":7,"17":1,"18":9,"19":1,"20":7,"21":7,"22":0,"23":7,"24":7,"25":1,"26":1,"27":0,"28":0,"29":0,"30":35},"f":{"0":7,"1":2,"2":2,"3":1,"4":9,"5":1,"6":9,"7":1,"8":1,"9":0,"10":0,"11":35},"b":{"0":[2,2],"1":[2,2],"2":[0,7],"3":[2,5],"4":[35,0]},"_coverageSchema":"1a1c01bbd47fc00a2c39e90264f33305004495a9","hash":"85da4df366c34c5b29130d0361c5314dd23f9d9c"}
}
