TN:
SF:src\components\Body.jsx
FN:14,(anonymous_0)
FN:21,(anonymous_1)
FN:25,(anonymous_2)
FN:48,(anonymous_3)
FN:50,(anonymous_4)
FN:55,(anonymous_5)
FN:56,(anonymous_6)
FN:82,(anonymous_7)
FN:86,(anonymous_8)
FN:92,(anonymous_9)
FN:105,(anonymous_10)
FN:116,(anonymous_11)
FNF:12
FNH:10
FNDA:7,(anonymous_0)
FNDA:2,(anonymous_1)
FNDA:2,(anonymous_2)
FNDA:1,(anonymous_3)
FNDA:9,(anonymous_4)
FNDA:1,(anonymous_5)
FNDA:9,(anonymous_6)
FNDA:1,(anonymous_7)
FNDA:1,(anonymous_8)
FNDA:0,(anonymous_9)
FNDA:0,(anonymous_10)
FNDA:35,(anonymous_11)
DA:14,1
DA:15,7
DA:16,7
DA:17,7
DA:19,7
DA:21,7
DA:22,2
DA:25,7
DA:26,2
DA:27,2
DA:28,2
DA:34,2
DA:48,7
DA:49,1
DA:50,9
DA:52,1
DA:55,7
DA:56,1
DA:57,9
DA:59,1
DA:62,7
DA:64,7
DA:65,0
DA:69,7
DA:71,7
DA:82,1
DA:86,1
DA:93,0
DA:94,0
DA:105,0
DA:117,35
LF:31
LH:27
BRDA:29,0,0,2
BRDA:29,0,1,2
BRDA:35,1,0,2
BRDA:35,1,1,2
BRDA:64,2,0,0
BRDA:64,2,1,7
BRDA:71,3,0,2
BRDA:71,3,1,5
BRDA:122,4,0,35
BRDA:122,4,1,0
BRF:10
BRH:8
end_of_record
